1.416216548038946033e-01 1.073567125342545781e-01 9.207365087031993411e-02 8.615423710016709147e-02 8.041098303042407136e-02 7.968749999999999445e-02 6.592074196535188668e-02 6.587380455538752178e-02 6.375000000000000111e-02 5.872913020853877397e-02
3.463592467203929215e-01 2.135478260515139837e-01 1.243546269730009812e-01 8.641812954509402178e-02 8.015705958239920104e-02 7.474139229015343278e-02 7.438667319998375216e-02 6.588592373382688716e-02 6.279028810670282679e-02 5.603217989769438551e-02
4.066081254085665009e-01 1.982048294021507839e-01 1.819483619108240025e-01 1.358675152299516353e-01 1.165790716431519131e-01 1.145851422901534439e-01 9.844875331005475960e-02 9.810650437379382638e-02 9.677748690188354985e-02 8.749070382011933655e-02
5.677988338439792226e-01 3.460483164268703393e-01 1.980009637904544539e-01 1.324325984781750676e-01 1.296415502809938336e-01 1.157045742650548992e-01 1.095250166048044871e-01 9.842385283732299484e-02 9.520426641443875682e-02 9.088582904922441752e-02
1.980009637904544539e-01 1.780598533535587003e-01 1.324324311110974817e-01 1.296415479915320190e-01 1.151660793998431076e-01 1.095250166048044871e-01 9.750130938820125714e-02 9.520426641443875682e-02 9.084311631502223205e-02 8.749070382011933655e-02
5.669995894953662186e-01 3.434884597090083203e-01 1.979996425318960585e-01 1.324011793813963112e-01 1.296384207507333131e-01 1.146767564578704129e-01 1.095250166048044871e-01 9.744408997993389554e-02 9.519167713222216609e-02 9.311598846960135456e-02
3.844934345353062666e-01 1.979996425318960585e-01 1.686381357761808919e-01 1.324008517346413338e-01 1.296384008715852909e-01 1.143161879133555991e-01 1.095250166048044871e-01 9.519167713222216609e-02 9.182169249736678307e-02 9.024686220845695717e-02
5.627328980179592266e-01 3.410841971581247689e-01 1.780604396416152757e-01 1.315685123970078141e-01 1.138437124878249884e-01 1.025244301326978524e-01 9.495906456455821543e-02 8.963683856631082802e-02 8.388115859772091176e-02 8.211321934395160449e-02
5.466540732786457912e-01 3.402855146802313824e-01 3.282787924334317209e-01 1.779279342728916635e-01 1.448251276057679615e-01 1.284120998410237524e-01 1.080246667127324478e-01 1.022576071839574885e-01 9.199566434576962604e-02 8.807821605818866306e-02
5.620562534344639705e-01 3.387162738053282052e-01 1.780437776359845292e-01 1.568747976868788419e-01 1.315663312490864822e-01 1.126572891320117564e-01 1.025244248580936407e-01 9.494144842490896685e-02 9.251236595596372403e-02 8.930407425403012744e-02
3.546588480584245140e-01 1.504131667404095540e-01 1.322635645466620213e-01 1.105911303718861566e-01 1.095250166048044871e-01 9.515064220969902953e-02 9.032481686807813936e-02 8.974437955803757361e-02 8.749070382011933655e-02 8.394696217075268974e-02
1.780437776359845292e-01 1.315663312490864822e-01 1.104911204990324386e-01 1.025244248580936407e-01 9.494144842490896685e-02 8.928203787594218843e-02 8.388115859772091176e-02 8.211321934395160449e-02 8.048411433132718340e-02 7.887501821644886391e-02
3.407873426772408121e-01 1.780399683993115212e-01 1.448668794495956702e-01 1.315421683226607741e-01 1.084619503081594161e-01 1.025225656195428992e-01 9.492719791215314951e-02 8.895722623347908364e-02 8.823988242075184174e-02 8.388115859772091176e-02
3.402285219752445578e-01 3.277921618092127787e-01 1.779279342728916635e-01 1.448251276057679615e-01 1.283710556833941585e-01 1.080246402218129065e-01 1.022569527916575294e-01 9.160991839419371785e-02 8.807536428964583830e-02 8.388115859772091176e-02
3.397347174673231440e-01 3.245660319460813570e-01 1.777780420021727315e-01 1.447462159045767582e-01 1.241579216565924237e-01 1.079216856374668188e-01 1.019018680076336780e-01 8.885437361787792976e-02 8.781804906254191134e-02 8.388115859772091176e-02
3.395557741182087530e-01 1.777216086279813367e-01 1.447263364559027710e-01 1.226041730548697445e-01 1.079084343425712467e-01 1.017684464070733596e-01 8.838550423776390941e-02 8.773579444692412854e-02 8.388115859772091176e-02 8.267506637927053703e-02
5.206368350141296064e-01 3.395254562043040769e-01 3.230469778078025045e-01 1.777137602604896005e-01 1.447241014722093211e-01 1.225548718203388759e-01 1.078900054612054044e-01 1.017520666794713979e-01 8.808059378080806967e-02 8.388115859772091176e-02
3.391527569987670687e-01 3.228174103683799090e-01 1.777094746913586709e-01 1.444094396295471650e-01 1.225545298661011306e-01 1.078870107177303944e-01 1.017520661591085618e-01 8.808059378080806967e-02 8.758106227102477326e-02 8.388115859772091176e-02
3.391149806530937560e-01 1.777050414352062679e-01 1.444014380478475801e-01 1.224721519773143835e-01 1.078105108831401981e-01 1.017416444226241085e-01 8.784932335242615076e-02 8.756636288177890859e-02 8.388115859772091176e-02 8.252289585702630992e-02
5.184314074381133342e-01 3.389412760871301500e-01 3.219332109447796686e-01 1.439728007712697266e-01 1.223715066103069626e-01 9.609243777788889496e-02 8.781942744765715292e-02 8.753106225802534390e-02 8.243375195481442153e-02 8.022623285556376715e-02
3.388641797099946062e-01 3.217716635525354474e-01 1.442637249929475396e-01 1.439728007712697266e-01 1.223677900266938040e-01 1.075511658353272143e-01 9.609243471843806339e-02 8.780671304999268512e-02 8.747720296031222253e-02 8.241604045276550161e-02
3.385550440693131935e-01 3.202706849179569049e-01 1.442351562741102655e-01 1.439256070756591843e-01 1.072559084753369613e-01 9.598022943210907099e-02 8.738983984728287968e-02 8.655762043063036648e-02 8.158586615245744245e-02 8.020054926929058581e-02
4.901938191051065652e-01 3.225881313478482504e-01 3.140847632959177793e-01 1.437378516343333912e-01 1.323842784540547046e-01 1.122012032156644717e-01 1.058872111034005747e-01 9.553618707765658413e-02 8.490828277218147313e-02 7.994043246357512844e-02
3.164564998921570171e-01 1.437405604600552889e-01 1.122856032919853503e-01 1.071859590040909471e-01 9.554260321904373132e-02 8.493151210465738066e-02 8.020054926929058581e-02 7.969099624488609757e-02 7.821704515013937209e-02 7.202891998485731750e-02
3.225763413752872899e-01 1.437378516343333912e-01 1.323842784540547046e-01 1.122011847060078310e-01 1.058865951420387003e-01 9.553618707765658413e-02 8.490828277218147313e-02 7.993983473748897395e-02 7.969099624488609757e-02 7.801476310561542005e-02
3.209718034252203589e-01 3.060053834702933795e-01 1.437094734276487817e-01 1.323499582768567495e-01 1.029847082570780614e-01 9.546903938452487581e-02 8.467547661137435344e-02 7.982619876576617368e-02 7.969099624488609757e-02 7.680138254333074288e-02
3.041901636485609961e-01 1.425409523158822078e-01 1.115707026908545063e-01 1.027131550677731348e-01 9.420713711148206992e-02 8.400608867125067269e-02 7.968749999999999445e-02 7.680138254333074288e-02 7.591990328347722472e-02 7.588470594438850858e-02
3.154810880939141193e-01 3.024294991586443104e-01 1.425272018098912019e-01 1.297662258624600051e-01 1.111805544222439213e-01 9.417461412905296647e-02 8.388489677850342885e-02 7.968749999999999445e-02 7.837120475610460935e-02 7.674183357684118134e-02
3.940353313381244060e-01 2.888884274261839802e-01 2.438408427104507836e-01 1.218725079987643123e-01 9.937057690008332944e-02 9.172292659519139246e-02 8.520651966783790443e-02 8.387766235283480865e-02 7.887501821644886391e-02 7.578437184685753170e-02
1.425255802142784134e-01 1.297398101780952162e-01 1.111023042404590405e-01 1.021094125381494244e-01 9.417076097326285145e-02 8.348626178252548102e-02 7.968749999999999445e-02 7.674183357684118134e-02 7.447168127941412863e-02 6.969343722095802662e-02
1.424314176390733544e-01 1.285374258277670878e-01 1.084312166581451464e-01 9.394728443738635526e-02 8.263424016444544107e-02 7.968749999999999445e-02 7.610814945236235585e-02 7.512655480041784128e-02 6.798551181160464307e-02 6.676099629104914612e-02
3.910370085521086558e-01 2.581267917727725902e-01 2.366590446252646029e-01 1.418569503740226556e-01 1.076082110692785504e-01 9.262189266969547696e-02 9.151317065695548092e-02 8.153779107942364657e-02 7.968749999999999445e-02 7.010416597960515694e-02
4.447649529024400028e-01 3.049379761613690842e-01 2.777189346760520205e-01 1.422557488460367281e-01 1.263799694299684861e-01 1.062071519567825278e-01 9.358416902948023253e-02 9.353357701165465610e-02 7.968749999999999445e-02 7.938351571217179548e-02
3.659085472286426888e-01 2.568295553056429981e-01 2.304082927603602060e-01 1.427200596183364478e-01 1.073567125342545781e-01 8.615487800052147593e-02 8.041098303042407136e-02 6.605019811325447965e-02 6.592074196535188668e-02 6.587380455538752178e-02
3.048397874534932717e-01 2.774555152073196473e-01 1.422557488460367281e-01 1.263495148086038744e-01 9.357931582594274100e-02 9.353271084753264630e-02 7.968749999999999445e-02 7.852297882789123495e-02 7.607928722069252914e-02 7.579694543853846000e-02
1.422313017644253608e-01 1.263062067400191335e-01 1.043029577577097716e-01 9.356631328698283845e-02 9.347390198456187460e-02 7.968749999999999445e-02 7.807374142621859026e-02 7.579694543853846000e-02 7.295851237029594982e-02 7.145742270392672901e-02
4.320939347644350281e-01 3.002384331654523453e-01 2.622526301818151606e-01 1.422001936720326265e-01 1.255866734599367096e-01 1.038740416590524518e-01 9.340013389449573766e-02 7.968749999999999445e-02 7.572873327430990065e-02 7.562312123890274629e-02
2.999237451672473465e-01 2.615038711483440581e-01 1.422001936720326265e-01 1.253823705543818945e-01 1.038730528433482458e-01 9.340013389449573766e-02 8.673503814565379499e-02 7.968749999999999445e-02 7.572873327430990065e-02 7.559503975662695829e-02
4.192138010306891704e-01 2.994964391502989431e-01 1.420843141551368372e-01 1.253265908150875130e-01 1.005754376967217117e-01 9.312604318624058408e-02 8.669117418972167866e-02 7.968749999999999445e-02 7.572873327430990065e-02 7.540528365147307344e-02
2.904482569742372067e-01 2.516163892544999725e-01 1.421813857830078742e-01 1.220267138212115798e-01 1.002764002754943373e-01 9.335486324008177017e-02 8.621179349836383121e-02 7.968749999999999445e-02 7.572873327430990065e-02 7.390810375525486142e-02
4.186242324187365860e-01 1.420827927347574071e-01 1.242426982718758538e-01 1.005662185845024870e-01 9.312244218940898821e-02 7.968749999999999445e-02 7.572873327430990065e-02 7.478316005466519034e-02 7.440110890769957575e-02 7.211489603516268998e-02
2.900810548610450734e-01 1.420668784724612443e-01 1.219850845426824065e-01 9.702756705299379891e-02 9.308403186230762572e-02 8.618458463370116951e-02 7.968749999999999445e-02 7.572873327430990065e-02 7.374535046791164117e-02 7.227134051845587881e-02
2.436643709676594438e-01 1.418786823425700616e-01 9.263888526414168489e-02 9.172228569483700800e-02 8.520650893279213545e-02 7.968749999999999445e-02 7.572873327430990065e-02 6.815089172846336418e-02 6.375000000000000111e-02 6.301402770180335178e-02
2.581143728629243794e-01 2.365855718388947815e-01 1.418569503740226556e-01 1.076027248292084071e-01 9.262189266969547696e-02 9.151317065695548092e-02 8.153524596593295093e-02 7.968749999999999445e-02 6.649749822906127206e-02 6.604316546762589724e-02
3.719056283467986335e-01 2.576630303133256583e-01 2.324507336913279043e-01 1.417115803869184454e-01 1.080888040493777069e-01 9.227278091525975556e-02 8.730688269035206950e-02 8.085799050800032695e-02 7.968749999999999445e-02 6.647782947799044106e-02
2.579868799652581535e-01 2.359154199314225930e-01 1.418544643026544982e-01 1.076006350672384648e-01 9.261599917596796683e-02 9.143357375195908243e-02 7.968749999999999445e-02 6.797439759036144613e-02 6.649167496434910118e-02 6.604316546762589724e-02
3.657619401843056339e-01 2.327813723920545697e-01 1.416216548038946033e-01 1.120577335838422173e-01 9.207365087031993411e-02 8.615423710016709147e-02 8.177190788634333685e-02 7.968749999999999445e-02 6.760562959120887394e-02 6.592074196535188668e-02
2.573206736172585773e-01 1.417061788813065715e-01 1.075064356398112986e-01 9.227277894767313415e-02 8.085779366401291135e-02 7.968749999999999445e-02 6.647782947799044106e-02 6.604316546762589724e-02 6.381507372130930389e-02 6.375000000000000111e-02
3.655297903157654349e-01 2.568294908249668107e-01 2.303652914279102071e-01 1.073567125342545781e-01 9.254723868991597546e-02 8.615423710016709147e-02 8.041098303042407136e-02 7.968749999999999445e-02 6.604955825162991956e-02 6.592074196535188668e-02
0.000000000000000000e+00 0.000000000000000000e+00 0.000000000000000000e+00 0.000000000000000000e+00 0.000000000000000000e+00 0.000000000000000000e+00 0.000000000000000000e+00 0.000000000000000000e+00 0.000000000000000000e+00 0.000000000000000000e+00
